0 verbose cli /usr/local/bin/node /usr/local/bin/npm
1 info using npm@10.9.3
2 info using node@v22.18.0
3 silly config load:file:/usr/local/lib/node_modules/npm/npmrc
4 silly config load:file:/Users/ajitpillai/Library/Caches/typescript/5.9/.npmrc
5 silly config load:file:/Users/ajitpillai/.npmrc
6 silly config load:file:/usr/local/etc/npmrc
7 verbose title npm install types-registry@latest
8 verbose argv "install" "--ignore-scripts" "types-registry@latest"
9 verbose logfile logs-max:10 dir:/Users/ajitpillai/Documents/AntiGravity/WellnestWebsite2/.npm-cache/_logs/2026-03-15T15_53_32_677Z-
10 verbose logfile /Users/ajitpillai/Documents/AntiGravity/WellnestWebsite2/.npm-cache/_logs/2026-03-15T15_53_32_677Z-debug-0.log
11 silly logfile start cleaning logs, removing 1 files
12 silly packumentCache heap:4345298944 maxSize:1086324736 maxEntrySize:543162368
13 silly logfile done cleaning log files
14 silly packumentCache corgi:https://registry.npmjs.org/types-registry cache-miss
15 http fetch GET 200 https://registry.npmjs.org/types-registry 177ms (cache updated)
16 silly packumentCache corgi:https://registry.npmjs.org/types-registry set size:undefined disposed:false
17 silly idealTree buildDeps
18 silly fetch manifest types-registry@0.1.761
19 silly packumentCache full:https://registry.npmjs.org/types-registry cache-miss
20 http fetch GET 200 https://registry.npmjs.org/types-registry 59ms (cache updated)
21 silly packumentCache full:https://registry.npmjs.org/types-registry set size:undefined disposed:false
22 silly placeDep ROOT types-registry@0.1.761 REPLACE for:  want: 0.1.761
23 silly reify mark retired [
23 silly reify   '/Users/ajitpillai/Library/Caches/typescript/5.9/node_modules/types-registry'
23 silly reify ]
24 silly reify moves {
24 silly reify   '/Users/ajitpillai/Library/Caches/typescript/5.9/node_modules/types-registry': '/Users/ajitpillai/Library/Caches/typescript/5.9/node_modules/.types-registry-hZmjYSSl'
24 silly reify }
25 silly audit bulk request {
25 silly audit   '@types/react': [ '19.2.14' ],
25 silly audit   '@types/react-dom': [ '19.2.3' ],
25 silly audit   csstype: [ '3.2.3' ],
25 silly audit   'types-registry': [ '0.1.761' ]
25 silly audit }
26 http cache types-registry@https://registry.npmjs.org/types-registry/-/types-registry-0.1.761.tgz 0ms (cache hit)
27 silly tarball no local data for types-registry@https://registry.npmjs.org/types-registry/-/types-registry-0.1.761.tgz. Extracting by manifest.
28 http fetch GET 200 https://registry.npmjs.org/types-registry/-/types-registry-0.1.761.tgz 126ms (cache miss)
29 http fetch POST 200 https://registry.npmjs.org/-/npm/v1/security/advisories/bulk 296ms
30 silly audit report {}
31 silly CHANGE node_modules/types-registry
32 verbose cwd /Users/ajitpillai/Library/Caches/typescript/5.9
33 verbose os Darwin 24.6.0
34 verbose node v22.18.0
35 verbose npm  v10.9.3
36 verbose exit 0
37 info ok
